<?xml version="1.0" encoding="UTF-8"?>
<testsuite xmlns:xsi="http://www.w3.org/2001/XMLSchema-instance" xsi:noNamespaceSchemaLocation="https://maven.apache.org/surefire/maven-surefire-plugin/xsd/surefire-test-report-3.0.xsd" version="3.0" name="cucumber.options.TestRunner" time="10.718" tests="2" errors="0" skipped="0" failures="0">
  <properties>
[...]
</properties>
  <testcase name="successfully adding a new place" classname="Adding new place" time="7.128">
    <system-out><![CDATA[Body:
{
    "location": {
        "lat": "38.383494",
        "lng": "33.427362"
    },
    "accuracy": "100",
    "name": "Vicky",
    "phone_number": "9176441288",
    "address": "Poonamallee",
    "types": [
        "shoe park",
        "shop"
    ],
    "website": "www.google.com",
    "language": "Tamil"
}
9e5b49c768cd867eadce00167a5db44b
Body:			<none>
Vicky
]]></system-out>
  </testcase>
  <testcase name="Delete place api" classname="Adding new place" time="2.254">
    <system-out><![CDATA[Body:
{
    "place_id": "fc36bc6b92ec239010b26547d17590ea"
}
{"status":"OK"}
OK
]]></system-out>
  </testcase>
</testsuite>